[0311/223608:INFO:CONSOLE(8623)] "Mixed Content: The page at 'https://wallet4.burstnation.com:8125/index.html' was loaded over HTTPS, but requested an insecure XMLHttpRequest endpoint 'http://wallet4.burstnation.com:8125/burst'. This request has been blocked; the content must be served over HTTPS.", source: https://wallet4.burstnation.com:8125/js/3rdparty/jquery.js (8623)
[0311/223608:INFO:CONSOLE(8623)] "XMLHttpRequest cannot load http://wallet4.burstnation.com:8125/burst. Failed to start loading.", source: https://wallet4.burstnation.com:8125/js/3rdparty/jquery.js (8623)
[0311/235355:INFO:CONSOLE(8623)] "Mixed Content: The page at 'https://wallet4.burstnation.com:8125/index.html' was loaded over HTTPS, but requested an insecure XMLHttpRequest endpoint 'http://wallet4.burstnation.com:8125/burst'. This request has been blocked; the content must be served over HTTPS.", source: https://wallet4.burstnation.com:8125/js/3rdparty/jquery.js (8623)
[0311/235355:INFO:CONSOLE(8623)] "XMLHttpRequest cannot load http://wallet4.burstnation.com:8125/burst. Failed to start loading.", source: https://wallet4.burstnation.com:8125/js/3rdparty/jquery.js (8623)
[0312/001748:INFO:CONSOLE(8623)] "Mixed Content: The page at 'https://wallet4.burstnation.com:8125/index.html' was loaded over HTTPS, but requested an insecure XMLHttpRequest endpoint 'http://wallet4.burstnation.com:8125/burst'. This request has been blocked; the content must be served over HTTPS.", source: https://wallet4.burstnation.com:8125/js/3rdparty/jquery.js (8623)
[0312/001748:INFO:CONSOLE(8623)] "XMLHttpRequest cannot load http://wallet4.burstnation.com:8125/burst. Failed to start loading.", source: https://wallet4.burstnation.com:8125/js/3rdparty/jquery.js (8623)
[0312/001808:ERROR:audio_output_device.cc(434)] IO loop going away before the audio device has been stopped
[0312/001808:ERROR:audio_output_device.cc(434)] IO loop going away before the audio device has been stopped
[0312/001851:INFO:CONSOLE(8623)] "Mixed Content: The page at 'https://wallet4.burstnation.com:8125/index.html' was loaded over HTTPS, but requested an insecure XMLHttpRequest endpoint 'http://wallet4.burstnation.com:8125/burst'. This request has been blocked; the content must be served over HTTPS.", source: https://wallet4.burstnation.com:8125/js/3rdparty/jquery.js (8623)
[0312/001851:INFO:CONSOLE(8623)] "XMLHttpRequest cannot load http://wallet4.burstnation.com:8125/burst. Failed to start loading.", source: https://wallet4.burstnation.com:8125/js/3rdparty/jquery.js (8623)
[0312/002750:INFO:CONSOLE(8623)] "Mixed Content: The page at 'https://wallet4.burstnation.com:8125/index.html' was loaded over HTTPS, but requested an insecure XMLHttpRequest endpoint 'http://wallet4.burstnation.com:8125/burst'. This request has been blocked; the content must be served over HTTPS.", source: https://wallet4.burstnation.com:8125/js/3rdparty/jquery.js (8623)
[0312/002750:INFO:CONSOLE(8623)] "XMLHttpRequest cannot load http://wallet4.burstnation.com:8125/burst. Failed to start loading.", source: https://wallet4.burstnation.com:8125/js/3rdparty/jquery.js (8623)
[0312/003213:INFO:CONSOLE(8623)] "Mixed Content: The page at 'https://wallet4.burstnation.com:8125/index.html' was loaded over HTTPS, but requested an insecure XMLHttpRequest endpoint 'http://wallet4.burstnation.com:8125/burst'. This request has been blocked; the content must be served over HTTPS.", source: https://wallet4.burstnation.com:8125/js/3rdparty/jquery.js (8623)
[0312/003213:INFO:CONSOLE(8623)] "XMLHttpRequest cannot load http://wallet4.burstnation.com:8125/burst. Failed to start loading.", source: https://wallet4.burstnation.com:8125/js/3rdparty/jquery.js (8623)
[0312/004916:INFO:CONSOLE(8623)] "Mixed Content: The page at 'https://wallet4.burstnation.com:8125/index.html' was loaded over HTTPS, but requested an insecure XMLHttpRequest endpoint 'http://wallet4.burstnation.com:8125/burst'. This request has been blocked; the content must be served over HTTPS.", source: https://wallet4.burstnation.com:8125/js/3rdparty/jquery.js (8623)
[0312/004916:INFO:CONSOLE(8623)] "XMLHttpRequest cannot load http://wallet4.burstnation.com:8125/burst. Failed to start loading.", source: https://wallet4.burstnation.com:8125/js/3rdparty/jquery.js (8623)
[0312/013447:INFO:CONSOLE(8623)] "Mixed Content: The page at 'https://wallet4.burstnation.com:8125/index.html' was loaded over HTTPS, but requested an insecure XMLHttpRequest endpoint 'http://wallet4.burstnation.com:8125/burst'. This request has been blocked; the content must be served over HTTPS.", source: https://wallet4.burstnation.com:8125/js/3rdparty/jquery.js (8623)
[0312/013447:INFO:CONSOLE(8623)] "XMLHttpRequest cannot load http://wallet4.burstnation.com:8125/burst. Failed to start loading.", source: https://wallet4.burstnation.com:8125/js/3rdparty/jquery.js (8623)
[0312/014608:INFO:CONSOLE(8623)] "Mixed Content: The page at 'https://wallet4.burstnation.com:8125/index.html' was loaded over HTTPS, but requested an insecure XMLHttpRequest endpoint 'http://wallet4.burstnation.com:8125/burst'. This request has been blocked; the content must be served over HTTPS.", source: https://wallet4.burstnation.com:8125/js/3rdparty/jquery.js (8623)
[0312/014608:INFO:CONSOLE(8623)] "XMLHttpRequest cannot load http://wallet4.burstnation.com:8125/burst. Failed to start loading.", source: https://wallet4.burstnation.com:8125/js/3rdparty/jquery.js (8623)
[0312/014659:INFO:CONSOLE(8623)] "Mixed Content: The page at 'https://wallet4.burstnation.com:8125/index.html' was loaded over HTTPS, but requested an insecure XMLHttpRequest endpoint 'http://wallet4.burstnation.com:8125/burst'. This request has been blocked; the content must be served over HTTPS.", source: https://wallet4.burstnation.com:8125/js/3rdparty/jquery.js (8623)
[0312/014659:INFO:CONSOLE(8623)] "XMLHttpRequest cannot load http://wallet4.burstnation.com:8125/burst. Failed to start loading.", source: https://wallet4.burstnation.com:8125/js/3rdparty/jquery.js (8623)
[0312/015309:INFO:CONSOLE(8623)] "Mixed Content: The page at 'https://wallet4.burstnation.com:8125/index.html' was loaded over HTTPS, but requested an insecure XMLHttpRequest endpoint 'http://wallet4.burstnation.com:8125/burst'. This request has been blocked; the content must be served over HTTPS.", source: https://wallet4.burstnation.com:8125/js/3rdparty/jquery.js (8623)
[0312/015309:INFO:CONSOLE(8623)] "XMLHttpRequest cannot load http://wallet4.burstnation.com:8125/burst. Failed to start loading.", source: https://wallet4.burstnation.com:8125/js/3rdparty/jquery.js (8623)
[0312/015943:INFO:CONSOLE(8623)] "Mixed Content: The page at 'https://wallet3.burstnation.com:8125/index.html' was loaded over HTTPS, but requested an insecure XMLHttpRequest endpoint 'http://wallet3.burstnation.com:8125/burst'. This request has been blocked; the content must be served over HTTPS.", source: https://wallet3.burstnation.com:8125/js/3rdparty/jquery.js (8623)
[0312/015943:INFO:CONSOLE(8623)] "XMLHttpRequest cannot load http://wallet3.burstnation.com:8125/burst. Failed to start loading.", source: https://wallet3.burstnation.com:8125/js/3rdparty/jquery.js (8623)
[0312/021205:INFO:CONSOLE(12)] "This file is deprecated. Please use `iron-flex-layout/iron-flex-layout-classes.html`, and one of the specific dom-modules instead", source: http://asset.burstnation.com/client/bower_components/iron-flex-layout/classes/iron-shadow-flex-layout.html (12)
[0312/021205:INFO:CONSOLE(14)] "This file is deprecated. Please use `iron-flex-layout/iron-flex-layout-classes.html`, and one of the specific dom-modules instead", source: http://asset.burstnation.com/client/bower_components/iron-flex-layout/classes/iron-flex-layout.html (14)
[0312/021209:INFO:CONSOLE(8)] "Uncaught Error: Highcharts error #16: www.highcharts.com/errors/16", source: http://asset.burstnation.com/client/bower_components/highcharts/highstock.js (8)
[0312/021210:INFO:CONSOLE(8)] "Uncaught Error: Highcharts error #16: www.highcharts.com/errors/16", source: http://asset.burstnation.com/client/bower_components/highcharts/highstock.js (8)
[0312/021218:INFO:CONSOLE(48)] "[object Object]", source: http://asset.burstnation.com/client/elements/richlist-view/richlist-view.html (48)
[0312/021221:INFO:CONSOLE(195)] "[object Object]", source: http://asset.burstnation.com/ (195)
[0312/021221:INFO:CONSOLE(7)] "The above 404 is totally normal. PouchDB is just checking if a remote checkpoint exists.", source: http://asset.burstnation.com/client/pouchdb-6.1.1.min.js (7)
[0312/021227:INFO:CONSOLE(195)] "[object Object]", source: http://asset.burstnation.com/ (195)
[0312/021229:INFO:CONSOLE(195)] "[object Object]", source: http://asset.burstnation.com/ (195)
[0312/021231:INFO:CONSOLE(197)] "undefined", source: http://asset.burstnation.com/ (197)
[0312/021231:INFO:CONSOLE(32)] "/", source: http://asset.burstnation.com/client/elements/app.js (32)
[0312/021231:INFO:CONSOLE(491)] "/deep/ combinator is deprecated. See https://www.chromestatus.com/features/6750456638341120 for more details.", source: http://asset.burstnation.com/client/bower_components/paper-header-panel/paper-header-panel.html (491)
[0312/021232:INFO:CONSOLE(367)] "_forwardParentProp", source: http://asset.burstnation.com/client/bower_components/paper-datatable/paper-datatable-column.html (367)
[0312/021232:INFO:CONSOLE(348)] "[object Object]", source: http://asset.burstnation.com/client/bower_components/paper-datatable/paper-datatable-card.html (348)
[0312/021232:INFO:CONSOLE(367)] "_forwardParentProp", source: http://asset.burstnation.com/client/bower_components/paper-datatable/paper-datatable-column.html (367)
[0312/021232:INFO:CONSOLE(348)] "[object Object]", source: http://asset.burstnation.com/client/bower_components/paper-datatable/paper-datatable-card.html (348)
[0312/021239:INFO:CONSOLE(195)] "[object Object]", source: http://asset.burstnation.com/ (195)
[0312/021242:INFO:CONSOLE(195)] "[object Object]", source: http://asset.burstnation.com/ (195)
[0312/021243:INFO:CONSOLE(195)] "[object Object]", source: http://asset.burstnation.com/ (195)
[0312/021244:INFO:CONSOLE(197)] "undefined", source: http://asset.burstnation.com/ (197)
[0312/021252:INFO:CONSOLE(195)] "[object Object]", source: http://asset.burstnation.com/ (195)
[0312/021253:INFO:CONSOLE(195)] "[object Object]", source: http://asset.burstnation.com/ (195)
[0312/021254:INFO:CONSOLE(195)] "[object Object]", source: http://asset.burstnation.com/ (195)
[0312/021254:INFO:CONSOLE(197)] "undefined", source: http://asset.burstnation.com/ (197)
[0312/021256:INFO:CONSOLE(32)] "http://asset.burstnation.com/asset/2264511436216725766", source: http://asset.burstnation.com/client/elements/app.js (32)
[0312/021256:INFO:CONSOLE(32)] "/asset/2264511436216725766", source: http://asset.burstnation.com/client/elements/app.js (32)
[0312/021256:INFO:CONSOLE(124)] "Updating all assets list", source: http://asset.burstnation.com/client/elements/asset-view/asset-queries.html (124)
[0312/021256:INFO:CONSOLE(350)] "Doc / ID changed", source: http://asset.burstnation.com/client/bower_components/app-storage/app-storage-behavior.html (350)
[0312/021256:INFO:CONSOLE(368)] "Initializing stored value.", source: http://asset.burstnation.com/client/bower_components/app-storage/app-storage-behavior.html (368)
[0312/021256:INFO:CONSOLE(350)] "Doc / ID changed", source: http://asset.burstnation.com/client/bower_components/app-storage/app-storage-behavior.html (350)
[0312/021257:INFO:CONSOLE(27)] "[object Object]", source: http://asset.burstnation.com/client/elements/asset-view/my-asset-graph.html (27)
[0312/021257:INFO:CONSOLE(350)] "Got stored value!", source: http://asset.burstnation.com/client/bower_components/app-storage/app-storage-behavior.html (350)
[0312/021257:INFO:CONSOLE(368)] "Sync to memory.", source: http://asset.burstnation.com/client/bower_components/app-storage/app-storage-behavior.html (368)
[0312/021257:INFO:CONSOLE(8)] "Highcharts error #15: www.highcharts.com/errors/15", source: http://asset.burstnation.com/client/bower_components/highcharts/highstock.js (8)
[0312/021257:INFO:CONSOLE(8)] "Highcharts error #15: www.highcharts.com/errors/15", source: http://asset.burstnation.com/client/bower_components/highcharts/highstock.js (8)
[0312/021257:INFO:CONSOLE(8)] "Highcharts error #15: www.highcharts.com/errors/15", source: http://asset.burstnation.com/client/bower_components/highcharts/highstock.js (8)
[0312/021257:INFO:CONSOLE(8)] "Highcharts error #15: www.highcharts.com/errors/15", source: http://asset.burstnation.com/client/bower_components/highcharts/highstock.js (8)
[0312/021257:INFO:CONSOLE(8)] "Highcharts error #15: www.highcharts.com/errors/15", source: http://asset.burstnation.com/client/bower_components/highcharts/highstock.js (8)
[0312/021257:INFO:CONSOLE(27)] "[object Object]", source: http://asset.burstnation.com/client/elements/asset-view/my-asset-graph.html (27)
[0312/021257:INFO:CONSOLE(350)] "Doc / ID changed", source: http://asset.burstnation.com/client/bower_components/app-storage/app-storage-behavior.html (350)
[0312/021257:INFO:CONSOLE(377)] "Sync to memory.", source: http://asset.burstnation.com/client/bower_components/app-storage/app-storage-behavior.html (377)
[0312/021257:INFO:CONSOLE(377)] "Initializing stored value.", source: http://asset.burstnation.com/client/bower_components/app-storage/app-storage-behavior.html (377)
[0312/021257:INFO:CONSOLE(348)] "[object Object]", source: http://asset.burstnation.com/client/bower_components/paper-datatable/paper-datatable-card.html (348)
[0312/021257:INFO:CONSOLE(137)] "Uncaught TypeError: Cannot read property 'slice' of undefined", source: http://asset.burstnation.com/client/elements/asset-view/asset-accounts.html (137)
[0312/021305:INFO:CONSOLE(195)] "[object Object]", source: http://asset.burstnation.com/ (195)
[0312/021306:INFO:CONSOLE(195)] "[object Object]", source: http://asset.burstnation.com/ (195)
[0312/021307:INFO:CONSOLE(195)] "[object Object]", source: http://asset.burstnation.com/ (195)
[0312/021307:INFO:CONSOLE(197)] "undefined", source: http://asset.burstnation.com/ (197)
[0312/021318:INFO:CONSOLE(195)] "[object Object]", source: http://asset.burstnation.com/ (195)
[0312/021319:INFO:CONSOLE(195)] "[object Object]", source: http://asset.burstnation.com/ (195)
[0312/021319:INFO:CONSOLE(195)] "[object Object]", source: http://asset.burstnation.com/ (195)
[0312/021320:INFO:CONSOLE(197)] "undefined", source: http://asset.burstnation.com/ (197)
[0312/021332:INFO:CONSOLE(195)] "[object Object]", source: http://asset.burstnation.com/ (195)
[0312/021334:INFO:CONSOLE(195)] "[object Object]", source: http://asset.burstnation.com/ (195)
[0312/021335:INFO:CONSOLE(195)] "[object Object]", source: http://asset.burstnation.com/ (195)
[0312/021336:INFO:CONSOLE(197)] "undefined", source: http://asset.burstnation.com/ (197)
[0312/021345:INFO:CONSOLE(195)] "[object Object]", source: http://asset.burstnation.com/ (195)
[0312/021346:INFO:CONSOLE(195)] "[object Object]", source: http://asset.burstnation.com/ (195)
[0312/021347:INFO:CONSOLE(195)] "[object Object]", source: http://asset.burstnation.com/ (195)
[0312/021347:INFO:CONSOLE(197)] "undefined", source: http://asset.burstnation.com/ (197)
[0312/021359:INFO:CONSOLE(195)] "[object Object]", source: http://asset.burstnation.com/ (195)
[0312/021400:INFO:CONSOLE(195)] "[object Object]", source: http://asset.burstnation.com/ (195)
[0312/021401:INFO:CONSOLE(195)] "[object Object]", source: http://asset.burstnation.com/ (195)
[0312/021401:INFO:CONSOLE(197)] "undefined", source: http://asset.burstnation.com/ (197)
[0312/021407:INFO:CONSOLE(8623)] "Mixed Content: The page at 'https://wallet3.burstnation.com:8125/index.html' was loaded over HTTPS, but requested an insecure XMLHttpRequest endpoint 'http://wallet3.burstnation.com:8125/burst'. This request has been blocked; the content must be served over HTTPS.", source: https://wallet3.burstnation.com:8125/js/3rdparty/jquery.js (8623)
[0312/021407:INFO:CONSOLE(8623)] "XMLHttpRequest cannot load http://wallet3.burstnation.com:8125/burst. Failed to start loading.", source: https://wallet3.burstnation.com:8125/js/3rdparty/jquery.js (8623)
[0312/021412:INFO:CONSOLE(195)] "[object Object]", source: http://asset.burstnation.com/ (195)
[0312/021413:INFO:CONSOLE(195)] "[object Object]", source: http://asset.burstnation.com/ (195)
[0312/021414:INFO:CONSOLE(195)] "[object Object]", source: http://asset.burstnation.com/ (195)
[0312/021414:INFO:CONSOLE(197)] "undefined", source: http://asset.burstnation.com/ (197)
[0312/021425:INFO:CONSOLE(195)] "[object Object]", source: http://asset.burstnation.com/ (195)
[0312/021426:INFO:CONSOLE(195)] "[object Object]", source: http://asset.burstnation.com/ (195)
[0312/021427:INFO:CONSOLE(195)] "[object Object]", source: http://asset.burstnation.com/ (195)
[0312/021428:INFO:CONSOLE(197)] "undefined", source: http://asset.burstnation.com/ (197)
[0312/021439:INFO:CONSOLE(195)] "[object Object]", source: http://asset.burstnation.com/ (195)
[0312/021441:INFO:CONSOLE(195)] "[object Object]", source: http://asset.burstnation.com/ (195)
[0312/021442:INFO:CONSOLE(195)] "[object Object]", source: http://asset.burstnation.com/ (195)
[0312/021443:INFO:CONSOLE(197)] "undefined", source: http://asset.burstnation.com/ (197)
[0312/021452:INFO:CONSOLE(195)] "[object Object]", source: http://asset.burstnation.com/ (195)
[0312/021453:INFO:CONSOLE(195)] "[object Object]", source: http://asset.burstnation.com/ (195)
[0312/021454:INFO:CONSOLE(195)] "[object Object]", source: http://asset.burstnation.com/ (195)
[0312/021455:INFO:CONSOLE(197)] "undefined", source: http://asset.burstnation.com/ (197)
[0312/021506:INFO:CONSOLE(195)] "[object Object]", source: http://asset.burstnation.com/ (195)
[0312/021507:INFO:CONSOLE(195)] "[object Object]", source: http://asset.burstnation.com/ (195)
[0312/021508:INFO:CONSOLE(195)] "[object Object]", source: http://asset.burstnation.com/ (195)
[0312/021508:INFO:CONSOLE(197)] "undefined", source: http://asset.burstnation.com/ (197)
[0312/021519:INFO:CONSOLE(195)] "[object Object]", source: http://asset.burstnation.com/ (195)
[0312/021520:INFO:CONSOLE(195)] "[object Object]", source: http://asset.burstnation.com/ (195)
[0312/021521:INFO:CONSOLE(195)] "[object Object]", source: http://asset.burstnation.com/ (195)
[0312/021521:INFO:CONSOLE(197)] "undefined", source: http://asset.burstnation.com/ (197)
[0312/021533:INFO:CONSOLE(195)] "[object Object]", source: http://asset.burstnation.com/ (195)
[0312/021534:INFO:CONSOLE(195)] "[object Object]", source: http://asset.burstnation.com/ (195)
[0312/021536:INFO:CONSOLE(195)] "[object Object]", source: http://asset.burstnation.com/ (195)
[0312/021536:INFO:CONSOLE(197)] "undefined", source: http://asset.burstnation.com/ (197)
[0312/021545:INFO:CONSOLE(12)] "This file is deprecated. Please use `iron-flex-layout/iron-flex-layout-classes.html`, and one of the specific dom-modules instead", source: http://asset.burstnation.com/client/bower_components/iron-flex-layout/classes/iron-shadow-flex-layout.html (12)
[0312/021545:INFO:CONSOLE(14)] "This file is deprecated. Please use `iron-flex-layout/iron-flex-layout-classes.html`, and one of the specific dom-modules instead", source: http://asset.burstnation.com/client/bower_components/iron-flex-layout/classes/iron-flex-layout.html (14)
[0312/021545:INFO:CONSOLE(195)] "[object Object]", source: http://asset.burstnation.com/ (195)
[0312/021546:INFO:CONSOLE(195)] "[object Object]", source: http://asset.burstnation.com/ (195)
[0312/021547:INFO:CONSOLE(8)] "Uncaught Error: Highcharts error #16: www.highcharts.com/errors/16", source: http://asset.burstnation.com/client/bower_components/highcharts/highstock.js (8)
[0312/021547:INFO:CONSOLE(195)] "[object Object]", source: http://asset.burstnation.com/ (195)
[0312/021547:INFO:CONSOLE(8)] "Uncaught Error: Highcharts error #16: www.highcharts.com/errors/16", source: http://asset.burstnation.com/client/bower_components/highcharts/highstock.js (8)
[0312/021548:INFO:CONSOLE(197)] "undefined", source: http://asset.burstnation.com/ (197)
[0312/021551:INFO:CONSOLE(48)] "[object Object]", source: http://asset.burstnation.com/client/elements/richlist-view/richlist-view.html (48)
[0312/021551:INFO:CONSOLE(197)] "undefined", source: http://asset.burstnation.com/ (197)
[0312/021551:INFO:CONSOLE(32)] "/", source: http://asset.burstnation.com/client/elements/app.js (32)
[0312/021551:INFO:CONSOLE(491)] "/deep/ combinator is deprecated. See https://www.chromestatus.com/features/6750456638341120 for more details.", source: http://asset.burstnation.com/client/bower_components/paper-header-panel/paper-header-panel.html (491)
[0312/021552:INFO:CONSOLE(367)] "_forwardParentProp", source: http://asset.burstnation.com/client/bower_components/paper-datatable/paper-datatable-column.html (367)
[0312/021552:INFO:CONSOLE(348)] "[object Object]", source: http://asset.burstnation.com/client/bower_components/paper-datatable/paper-datatable-card.html (348)
[0312/021552:INFO:CONSOLE(367)] "_forwardParentProp", source: http://asset.burstnation.com/client/bower_components/paper-datatable/paper-datatable-column.html (367)
[0312/021552:INFO:CONSOLE(348)] "[object Object]", source: http://asset.burstnation.com/client/bower_components/paper-datatable/paper-datatable-card.html (348)
[0312/021558:INFO:CONSOLE(195)] "[object Object]", source: http://asset.burstnation.com/ (195)
[0312/021559:INFO:CONSOLE(195)] "[object Object]", source: http://asset.burstnation.com/ (195)
[0312/021559:INFO:CONSOLE(195)] "[object Object]", source: http://asset.burstnation.com/ (195)
[0312/021600:INFO:CONSOLE(195)] "[object Object]", source: http://asset.burstnation.com/ (195)
[0312/021600:INFO:CONSOLE(195)] "[object Object]", source: http://asset.burstnation.com/ (195)
[0312/021600:INFO:CONSOLE(195)] "[object Object]", source: http://asset.burstnation.com/ (195)
[0312/021601:INFO:CONSOLE(197)] "undefined", source: http://asset.burstnation.com/ (197)
[0312/021601:INFO:CONSOLE(197)] "undefined", source: http://asset.burstnation.com/ (197)
[0312/021601:INFO:CONSOLE(649)] "AdBlock Enabled? ", source: http://burst.lexitoshi.uk/index.js (649)
[0312/021611:INFO:CONSOLE(195)] "[object Object]", source: http://asset.burstnation.com/ (195)
[0312/021612:INFO:CONSOLE(195)] "[object Object]", source: http://asset.burstnation.com/ (195)
[0312/021613:INFO:CONSOLE(195)] "[object Object]", source: http://asset.burstnation.com/ (195)
[0312/021613:INFO:CONSOLE(195)] "[object Object]", source: http://asset.burstnation.com/ (195)
[0312/021614:INFO:CONSOLE(195)] "[object Object]", source: http://asset.burstnation.com/ (195)
[0312/021614:INFO:CONSOLE(195)] "[object Object]", source: http://asset.burstnation.com/ (195)
[0312/021614:INFO:CONSOLE(197)] "undefined", source: http://asset.burstnation.com/ (197)
[0312/021614:INFO:CONSOLE(197)] "undefined", source: http://asset.burstnation.com/ (197)
[0312/021625:INFO:CONSOLE(195)] "[object Object]", source: http://asset.burstnation.com/ (195)
[0312/021625:INFO:CONSOLE(195)] "[object Object]", source: http://asset.burstnation.com/ (195)
[0312/021626:INFO:CONSOLE(195)] "[object Object]", source: http://asset.burstnation.com/ (195)
[0312/021626:INFO:CONSOLE(195)] "[object Object]", source: http://asset.burstnation.com/ (195)
[0312/021628:INFO:CONSOLE(195)] "[object Object]", source: http://asset.burstnation.com/ (195)
[0312/021628:INFO:CONSOLE(195)] "[object Object]", source: http://asset.burstnation.com/ (195)
[0312/021629:INFO:CONSOLE(197)] "undefined", source: http://asset.burstnation.com/ (197)
[0312/021629:INFO:CONSOLE(197)] "undefined", source: http://asset.burstnation.com/ (197)
[0312/021639:INFO:CONSOLE(195)] "[object Object]", source: http://asset.burstnation.com/ (195)
[0312/021639:INFO:CONSOLE(195)] "[object Object]", source: http://asset.burstnation.com/ (195)
[0312/021641:INFO:CONSOLE(195)] "[object Object]", source: http://asset.burstnation.com/ (195)
[0312/021641:INFO:CONSOLE(195)] "[object Object]", source: http://asset.burstnation.com/ (195)
[0312/021642:INFO:CONSOLE(195)] "[object Object]", source: http://asset.burstnation.com/ (195)
[0312/021642:INFO:CONSOLE(195)] "[object Object]", source: http://asset.burstnation.com/ (195)
[0312/021643:INFO:CONSOLE(197)] "undefined", source: http://asset.burstnation.com/ (197)
[0312/021643:INFO:CONSOLE(197)] "undefined", source: http://asset.burstnation.com/ (197)
[0312/021652:INFO:CONSOLE(195)] "[object Object]", source: http://asset.burstnation.com/ (195)
[0312/021652:INFO:CONSOLE(195)] "[object Object]", source: http://asset.burstnation.com/ (195)
[0312/021653:INFO:CONSOLE(195)] "[object Object]", source: http://asset.burstnation.com/ (195)
[0312/021653:INFO:CONSOLE(195)] "[object Object]", source: http://asset.burstnation.com/ (195)
[0312/021654:INFO:CONSOLE(195)] "[object Object]", source: http://asset.burstnation.com/ (195)
[0312/021654:INFO:CONSOLE(195)] "[object Object]", source: http://asset.burstnation.com/ (195)
[0312/021655:INFO:CONSOLE(197)] "undefined", source: http://asset.burstnation.com/ (197)
[0312/021655:INFO:CONSOLE(197)] "undefined", source: http://asset.burstnation.com/ (197)
[0312/021706:INFO:CONSOLE(195)] "[object Object]", source: http://asset.burstnation.com/ (195)
[0312/021706:INFO:CONSOLE(195)] "[object Object]", source: http://asset.burstnation.com/ (195)
[0312/021706:INFO:CONSOLE(13)] "Uncaught ReferenceError: jQuery is not defined", source: http://burstcoin.biz/assets/plugins/jquery-validation/jquery.validate.js (13)
[0312/021707:INFO:CONSOLE(195)] "[object Object]", source: http://asset.burstnation.com/ (195)
[0312/021707:INFO:CONSOLE(195)] "[object Object]", source: http://asset.burstnation.com/ (195)
[0312/021708:INFO:CONSOLE(195)] "[object Object]", source: http://asset.burstnation.com/ (195)
[0312/021708:INFO:CONSOLE(195)] "[object Object]", source: http://asset.burstnation.com/ (195)
[0312/021709:INFO:CONSOLE(197)] "undefined", source: http://asset.burstnation.com/ (197)
[0312/021709:INFO:CONSOLE(197)] "undefined", source: http://asset.burstnation.com/ (197)
[0312/021719:INFO:CONSOLE(195)] "[object Object]", source: http://asset.burstnation.com/ (195)
[0312/021719:INFO:CONSOLE(195)] "[object Object]", source: http://asset.burstnation.com/ (195)
[0312/021720:INFO:CONSOLE(195)] "[object Object]", source: http://asset.burstnation.com/ (195)
[0312/021720:INFO:CONSOLE(195)] "[object Object]", source: http://asset.burstnation.com/ (195)
[0312/021721:INFO:CONSOLE(195)] "[object Object]", source: http://asset.burstnation.com/ (195)
[0312/021721:INFO:CONSOLE(195)] "[object Object]", source: http://asset.burstnation.com/ (195)
[0312/021722:INFO:CONSOLE(197)] "undefined", source: http://asset.burstnation.com/ (197)
[0312/021722:INFO:CONSOLE(197)] "undefined", source: http://asset.burstnation.com/ (197)
[0312/021806:INFO:CONSOLE(8623)] "Mixed Content: The page at 'https://wallet3.burstnation.com:8125/index.html' was loaded over HTTPS, but requested an insecure XMLHttpRequest endpoint 'http://wallet3.burstnation.com:8125/burst'. This request has been blocked; the content must be served over HTTPS.", source: https://wallet3.burstnation.com:8125/js/3rdparty/jquery.js (8623)
[0312/021806:INFO:CONSOLE(8623)] "XMLHttpRequest cannot load http://wallet3.burstnation.com:8125/burst. Failed to start loading.", source: https://wallet3.burstnation.com:8125/js/3rdparty/jquery.js (8623)
[0312/023009:INFO:CONSOLE(8623)] "Mixed Content: The page at 'https://wallet3.burstnation.com:8125/index.html' was loaded over HTTPS, but requested an insecure XMLHttpRequest endpoint 'http://wallet3.burstnation.com:8125/burst'. This request has been blocked; the content must be served over HTTPS.", source: https://wallet3.burstnation.com:8125/js/3rdparty/jquery.js (8623)
[0312/023009:INFO:CONSOLE(8623)] "XMLHttpRequest cannot load http://wallet3.burstnation.com:8125/burst. Failed to start loading.", source: https://wallet3.burstnation.com:8125/js/3rdparty/jquery.js (8623)
[0312/023358:INFO:CONSOLE(8623)] "Mixed Content: The page at 'https://wallet3.burstnation.com:8125/index.html' was loaded over HTTPS, but requested an insecure XMLHttpRequest endpoint 'http://wallet3.burstnation.com:8125/burst'. This request has been blocked; the content must be served over HTTPS.", source: https://wallet3.burstnation.com:8125/js/3rdparty/jquery.js (8623)
[0312/023358:INFO:CONSOLE(8623)] "XMLHttpRequest cannot load http://wallet3.burstnation.com:8125/burst. Failed to start loading.", source: https://wallet3.burstnation.com:8125/js/3rdparty/jquery.js (8623)
[0312/023603:INFO:CONSOLE(649)] "AdBlock Enabled? ", source: http://burst.lexitoshi.uk/index.js (649)
[0312/175037:INFO:CONSOLE(8623)] "Mixed Content: The page at 'https://wallet3.burstnation.com:8125/index.html' was loaded over HTTPS, but requested an insecure XMLHttpRequest endpoint 'http://wallet3.burstnation.com:8125/burst'. This request has been blocked; the content must be served over HTTPS.", source: https://wallet3.burstnation.com:8125/js/3rdparty/jquery.js (8623)
[0312/175037:INFO:CONSOLE(8623)] "XMLHttpRequest cannot load http://wallet3.burstnation.com:8125/burst. Failed to start loading.", source: https://wallet3.burstnation.com:8125/js/3rdparty/jquery.js (8623)
[0312/180101:INFO:CONSOLE(8623)] "Mixed Content: The page at 'https://wallet3.burstnation.com:8125/index.html' was loaded over HTTPS, but requested an insecure XMLHttpRequest endpoint 'http://wallet3.burstnation.com:8125/burst'. This request has been blocked; the content must be served over HTTPS.", source: https://wallet3.burstnation.com:8125/js/3rdparty/jquery.js (8623)
[0312/180101:INFO:CONSOLE(8623)] "XMLHttpRequest cannot load http://wallet3.burstnation.com:8125/burst. Failed to start loading.", source: https://wallet3.burstnation.com:8125/js/3rdparty/jquery.js (8623)
[0312/181743:INFO:CONSOLE(8623)] "Mixed Content: The page at 'https://wallet2.burstnation.com:8125/index.html' was loaded over HTTPS, but requested an insecure XMLHttpRequest endpoint 'http://wallet2.burstnation.com:8125/burst'. This request has been blocked; the content must be served over HTTPS.", source: https://wallet2.burstnation.com:8125/js/3rdparty/jquery.js (8623)
[0312/181743:INFO:CONSOLE(8623)] "XMLHttpRequest cannot load http://wallet2.burstnation.com:8125/burst. Failed to start loading.", source: https://wallet2.burstnation.com:8125/js/3rdparty/jquery.js (8623)
[0312/182201:INFO:CONSOLE(8623)] "Mixed Content: The page at 'https://wallet3.burstnation.com:8125/index.html' was loaded over HTTPS, but requested an insecure XMLHttpRequest endpoint 'http://wallet3.burstnation.com:8125/burst'. This request has been blocked; the content must be served over HTTPS.", source: https://wallet3.burstnation.com:8125/js/3rdparty/jquery.js (8623)
[0312/182201:INFO:CONSOLE(8623)] "XMLHttpRequest cannot load http://wallet3.burstnation.com:8125/burst. Failed to start loading.", source: https://wallet3.burstnation.com:8125/js/3rdparty/jquery.js (8623)
[0312/182406:INFO:CONSOLE(8623)] "Mixed Content: The page at 'https://wallet2.burstnation.com:8125/index.html' was loaded over HTTPS, but requested an insecure XMLHttpRequest endpoint 'http://wallet2.burstnation.com:8125/burst'. This request has been blocked; the content must be served over HTTPS.", source: https://wallet2.burstnation.com:8125/js/3rdparty/jquery.js (8623)
[0312/182406:INFO:CONSOLE(8623)] "XMLHttpRequest cannot load http://wallet2.burstnation.com:8125/burst. Failed to start loading.", source: https://wallet2.burstnation.com:8125/js/3rdparty/jquery.js (8623)
[0312/183215:INFO:CONSOLE(8623)] "Mixed Content: The page at 'https://wallet3.burstnation.com:8125/index.html' was loaded over HTTPS, but requested an insecure XMLHttpRequest endpoint 'http://wallet3.burstnation.com:8125/burst'. This request has been blocked; the content must be served over HTTPS.", source: https://wallet3.burstnation.com:8125/js/3rdparty/jquery.js (8623)
[0312/183215:INFO:CONSOLE(8623)] "XMLHttpRequest cannot load http://wallet3.burstnation.com:8125/burst. Failed to start loading.", source: https://wallet3.burstnation.com:8125/js/3rdparty/jquery.js (8623)
[0312/183808:INFO:CONSOLE(8623)] "Mixed Content: The page at 'https://wallet3.burstnation.com:8125/index.html' was loaded over HTTPS, but requested an insecure XMLHttpRequest endpoint 'http://wallet3.burstnation.com:8125/burst'. This request has been blocked; the content must be served over HTTPS.", source: https://wallet3.burstnation.com:8125/js/3rdparty/jquery.js (8623)
[0312/183808:INFO:CONSOLE(8623)] "XMLHttpRequest cannot load http://wallet3.burstnation.com:8125/burst. Failed to start loading.", source: https://wallet3.burstnation.com:8125/js/3rdparty/jquery.js (8623)
[0312/192821:INFO:CONSOLE(8623)] "Mixed Content: The page at 'https://wallet3.burstnation.com:8125/index.html' was loaded over HTTPS, but requested an insecure XMLHttpRequest endpoint 'http://wallet3.burstnation.com:8125/burst'. This request has been blocked; the content must be served over HTTPS.", source: https://wallet3.burstnation.com:8125/js/3rdparty/jquery.js (8623)
[0312/192821:INFO:CONSOLE(8623)] "XMLHttpRequest cannot load http://wallet3.burstnation.com:8125/burst. Failed to start loading.", source: https://wallet3.burstnation.com:8125/js/3rdparty/jquery.js (8623)
[0312/193221:INFO:CONSOLE(8623)] "Mixed Content: The page at 'https://wallet3.burstnation.com:8125/index.html' was loaded over HTTPS, but requested an insecure XMLHttpRequest endpoint 'http://wallet3.burstnation.com:8125/burst'. This request has been blocked; the content must be served over HTTPS.", source: https://wallet3.burstnation.com:8125/js/3rdparty/jquery.js (8623)
[0312/193221:INFO:CONSOLE(8623)] "XMLHttpRequest cannot load http://wallet3.burstnation.com:8125/burst. Failed to start loading.", source: https://wallet3.burstnation.com:8125/js/3rdparty/jquery.js (8623)
[0312/194506:INFO:CONSOLE(8623)] "Mixed Content: The page at 'https://wallet3.burstnation.com:8125/index.html' was loaded over HTTPS, but requested an insecure XMLHttpRequest endpoint 'http://wallet3.burstnation.com:8125/burst'. This request has been blocked; the content must be served over HTTPS.", source: https://wallet3.burstnation.com:8125/js/3rdparty/jquery.js (8623)
[0312/194506:INFO:CONSOLE(8623)] "XMLHttpRequest cannot load http://wallet3.burstnation.com:8125/burst. Failed to start loading.", source: https://wallet3.burstnation.com:8125/js/3rdparty/jquery.js (8623)
[0312/194640:INFO:CONSOLE(8623)] "Mixed Content: The page at 'https://wallet3.burstnation.com:8125/index.html' was loaded over HTTPS, but requested an insecure XMLHttpRequest endpoint 'http://wallet3.burstnation.com:8125/burst'. This request has been blocked; the content must be served over HTTPS.", source: https://wallet3.burstnation.com:8125/js/3rdparty/jquery.js (8623)
[0312/194640:INFO:CONSOLE(8623)] "XMLHttpRequest cannot load http://wallet3.burstnation.com:8125/burst. Failed to start loading.", source: https://wallet3.burstnation.com:8125/js/3rdparty/jquery.js (8623)
[0312/194953:INFO:CONSOLE(8623)] "Mixed Content: The page at 'https://wallet3.burstnation.com:8125/index.html' was loaded over HTTPS, but requested an insecure XMLHttpRequest endpoint 'http://wallet3.burstnation.com:8125/burst'. This request has been blocked; the content must be served over HTTPS.", source: https://wallet3.burstnation.com:8125/js/3rdparty/jquery.js (8623)
[0312/194953:INFO:CONSOLE(8623)] "XMLHttpRequest cannot load http://wallet3.burstnation.com:8125/burst. Failed to start loading.", source: https://wallet3.burstnation.com:8125/js/3rdparty/jquery.js (8623)
[0312/200603:INFO:CONSOLE(8623)] "Mixed Content: The page at 'https://wallet3.burstnation.com:8125/index.html' was loaded over HTTPS, but requested an insecure XMLHttpRequest endpoint 'http://wallet3.burstnation.com:8125/burst'. This request has been blocked; the content must be served over HTTPS.", source: https://wallet3.burstnation.com:8125/js/3rdparty/jquery.js (8623)
[0312/200603:INFO:CONSOLE(8623)] "XMLHttpRequest cannot load http://wallet3.burstnation.com:8125/burst. Failed to start loading.", source: https://wallet3.burstnation.com:8125/js/3rdparty/jquery.js (8623)
[0313/100200:INFO:CONSOLE(8623)] "Mixed Content: The page at 'https://wallet2.burstnation.com:8125/index.html' was loaded over HTTPS, but requested an insecure XMLHttpRequest endpoint 'http://wallet2.burstnation.com:8125/burst'. This request has been blocked; the content must be served over HTTPS.", source: https://wallet2.burstnation.com:8125/js/3rdparty/jquery.js (8623)
[0313/100200:INFO:CONSOLE(8623)] "XMLHttpRequest cannot load http://wallet2.burstnation.com:8125/burst. Failed to start loading.", source: https://wallet2.burstnation.com:8125/js/3rdparty/jquery.js (8623)
[0313/144305:WARNING:backend_impl.cc(1802)] Destroying invalid entry.
[0313/144305:WARNING:backend_impl.cc(1802)] Destroying invalid entry.
[0313/153519:INFO:CONSOLE(8554)] "Synchronous XMLHttpRequest on the main thread is deprecated because of its detrimental effects to the end user's experience. For more help, check https://xhr.spec.whatwg.org/.", source: https://wallet2.burstnation.com:8125/js/3rdparty/jquery.js (8554)
[0313/184936:WARNING:dns_config_service_win.cc(661)] Failed to read DnsConfig.
[0313/184945:WARNING:dns_config_service_win.cc(661)] Failed to read DnsConfig.
[0313/184949:WARNING:dns_config_service_win.cc(661)] Failed to read DnsConfig.
[0313/184954:WARNING:dns_config_service_win.cc(661)] Failed to read DnsConfig.
[0313/184954:WARNING:dns_config_service_win.cc(661)] Failed to read DnsConfig.
[0313/184956:WARNING:dns_config_service_win.cc(661)] Failed to read DnsConfig.
[0313/185000:WARNING:dns_config_service_win.cc(661)] Failed to read DnsConfig.
[0313/185005:WARNING:dns_config_service_win.cc(661)] Failed to read DnsConfig.
[0313/185005:WARNING:dns_config_service_win.cc(661)] Failed to read DnsConfig.
[0313/185007:WARNING:dns_config_service_win.cc(661)] Failed to read DnsConfig.
[0313/185011:WARNING:dns_config_service_win.cc(661)] Failed to read DnsConfig.
[0313/185016:WARNING:dns_config_service_win.cc(661)] Failed to read DnsConfig.
[0313/185016:WARNING:dns_config_service_win.cc(661)] Failed to read DnsConfig.
[0313/185018:WARNING:dns_config_service_win.cc(661)] Failed to read DnsConfig.
[0313/185022:WARNING:dns_config_service_win.cc(661)] Failed to read DnsConfig.
[0313/185027:WARNING:dns_config_service_win.cc(661)] Failed to read DnsConfig.
[0313/185027:WARNING:dns_config_service_win.cc(661)] Failed to read DnsConfig.
[0313/185029:WARNING:dns_config_service_win.cc(661)] Failed to read DnsConfig.
[0313/185034:WARNING:dns_config_service_win.cc(661)] Failed to read DnsConfig.
[0313/185038:WARNING:dns_config_service_win.cc(661)] Failed to read DnsConfig.
[0313/185038:WARNING:dns_config_service_win.cc(661)] Failed to read DnsConfig.
[0313/185040:WARNING:dns_config_service_win.cc(661)] Failed to read DnsConfig.
[0313/185045:WARNING:dns_config_service_win.cc(661)] Failed to read DnsConfig.
[0313/185049:WARNING:dns_config_service_win.cc(661)] Failed to read DnsConfig.
[0313/185049:WARNING:dns_config_service_win.cc(661)] Failed to read DnsConfig.
[0313/185052:WARNING:dns_config_service_win.cc(661)] Failed to read DnsConfig.
[0313/185056:WARNING:dns_config_service_win.cc(661)] Failed to read DnsConfig.
[0313/185100:WARNING:dns_config_service_win.cc(661)] Failed to read DnsConfig.
[0313/185100:WARNING:dns_config_service_win.cc(661)] Failed to read DnsConfig.
[0313/185103:WARNING:dns_config_service_win.cc(661)] Failed to read DnsConfig.
[0313/185107:WARNING:dns_config_service_win.cc(661)] Failed to read DnsConfig.
[0313/185112:WARNING:dns_config_service_win.cc(661)] Failed to read DnsConfig.
[0313/185112:WARNING:dns_config_service_win.cc(661)] Failed to read DnsConfig.
[0313/185114:WARNING:dns_config_service_win.cc(661)] Failed to read DnsConfig.
[0313/185118:WARNING:dns_config_service_win.cc(661)] Failed to read DnsConfig.
[0313/185123:WARNING:dns_config_service_win.cc(661)] Failed to read DnsConfig.
[0313/185123:WARNING:dns_config_service_win.cc(661)] Failed to read DnsConfig.
[0313/185125:WARNING:dns_config_service_win.cc(661)] Failed to read DnsConfig.
[0313/185129:WARNING:dns_config_service_win.cc(661)] Failed to read DnsConfig.
[0313/185134:WARNING:dns_config_service_win.cc(661)] Failed to read DnsConfig.
[0313/185134:WARNING:dns_config_service_win.cc(661)] Failed to read DnsConfig.
[0313/185136:WARNING:dns_config_service_win.cc(661)] Failed to read DnsConfig.
[0313/185140:WARNING:dns_config_service_win.cc(661)] Failed to read DnsConfig.
[0313/185145:WARNING:dns_config_service_win.cc(661)] Failed to read DnsConfig.
[0313/185145:WARNING:dns_config_service_win.cc(661)] Failed to read DnsConfig.
[0313/185147:WARNING:dns_config_service_win.cc(661)] Failed to read DnsConfig.
[0313/185152:WARNING:dns_config_service_win.cc(661)] Failed to read DnsConfig.
[0313/185156:WARNING:dns_config_service_win.cc(661)] Failed to read DnsConfig.
[0313/185156:WARNING:dns_config_service_win.cc(661)] Failed to read DnsConfig.
[0313/185158:WARNING:dns_config_service_win.cc(661)] Failed to read DnsConfig.
[0313/185203:WARNING:dns_config_service_win.cc(661)] Failed to read DnsConfig.
[0313/185207:WARNING:dns_config_service_win.cc(661)] Failed to read DnsConfig.
[0313/185207:WARNING:dns_config_service_win.cc(661)] Failed to read DnsConfig.
[0313/185209:WARNING:dns_config_service_win.cc(661)] Failed to read DnsConfig.
[0313/185214:WARNING:dns_config_service_win.cc(661)] Failed to read DnsConfig.
[0313/185218:WARNING:dns_config_service_win.cc(661)] Failed to read DnsConfig.
[0313/185218:WARNING:dns_config_service_win.cc(661)] Failed to read DnsConfig.
[0313/185221:WARNING:dns_config_service_win.cc(661)] Failed to read DnsConfig.
[0313/185225:WARNING:dns_config_service_win.cc(661)] Failed to read DnsConfig.
[0313/185230:WARNING:dns_config_service_win.cc(661)] Failed to read DnsConfig.
[0313/185230:WARNING:dns_config_service_win.cc(661)] Failed to read DnsConfig.
[0313/185232:WARNING:dns_config_service_win.cc(661)] Failed to read DnsConfig.
[0313/185236:WARNING:dns_config_service_win.cc(661)] Failed to read DnsConfig.
[0313/185241:WARNING:dns_config_service_win.cc(661)] Failed to read DnsConfig.
[0313/185241:WARNING:dns_config_service_win.cc(661)] Failed to read DnsConfig.
[0313/185243:WARNING:dns_config_service_win.cc(661)] Failed to read DnsConfig.
[0313/185247:WARNING:dns_config_service_win.cc(661)] Failed to read DnsConfig.
[0313/185252:WARNING:dns_config_service_win.cc(661)] Failed to read DnsConfig.
[0313/185252:WARNING:dns_config_service_win.cc(661)] Failed to read DnsConfig.
[0313/185254:WARNING:dns_config_service_win.cc(661)] Failed to read DnsConfig.
[0313/185258:WARNING:dns_config_service_win.cc(661)] Failed to read DnsConfig.
[0313/185303:WARNING:dns_config_service_win.cc(661)] Failed to read DnsConfig.
[0313/185303:WARNING:dns_config_service_win.cc(661)] Failed to read DnsConfig.
[0313/185305:WARNING:dns_config_service_win.cc(661)] Failed to read DnsConfig.
[0313/185309:WARNING:dns_config_service_win.cc(661)] Failed to read DnsConfig.
[0313/185314:WARNING:dns_config_service_win.cc(661)] Failed to read DnsConfig.
[0313/185314:WARNING:dns_config_service_win.cc(661)] Failed to read DnsConfig.
[0313/185316:WARNING:dns_config_service_win.cc(661)] Failed to read DnsConfig.
[0313/185321:WARNING:dns_config_service_win.cc(661)] Failed to read DnsConfig.
[0313/185325:WARNING:dns_config_service_win.cc(661)] Failed to read DnsConfig.
[0313/185325:WARNING:dns_config_service_win.cc(661)] Failed to read DnsConfig.
[0313/185327:WARNING:dns_config_service_win.cc(661)] Failed to read DnsConfig.
[0313/185332:WARNING:dns_config_service_win.cc(661)] Failed to read DnsConfig.
[0313/185336:WARNING:dns_config_service_win.cc(661)] Failed to read DnsConfig.
[0313/185336:WARNING:dns_config_service_win.cc(661)] Failed to read DnsConfig.
[0313/185339:WARNING:dns_config_service_win.cc(661)] Failed to read DnsConfig.
[0313/185343:WARNING:dns_config_service_win.cc(661)] Failed to read DnsConfig.
[0313/185347:WARNING:dns_config_service_win.cc(661)] Failed to read DnsConfig.
[0313/185348:WARNING:dns_config_service_win.cc(661)] Failed to read DnsConfig.
[0313/185350:WARNING:dns_config_service_win.cc(661)] Failed to read DnsConfig.
[0313/185354:WARNING:dns_config_service_win.cc(661)] Failed to read DnsConfig.
[0313/185359:WARNING:dns_config_service_win.cc(661)] Failed to read DnsConfig.
[0313/185359:WARNING:dns_config_service_win.cc(661)] Failed to read DnsConfig.
[0313/185401:WARNING:dns_config_service_win.cc(661)] Failed to read DnsConfig.
[0313/185405:WARNING:dns_config_service_win.cc(661)] Failed to read DnsConfig.
[0313/185410:WARNING:dns_config_service_win.cc(661)] Failed to read DnsConfig.
[0313/185410:WARNING:dns_config_service_win.cc(661)] Failed to read DnsConfig.
[0313/185412:WARNING:dns_config_service_win.cc(661)] Failed to read DnsConfig.
[0313/185416:WARNING:dns_config_service_win.cc(661)] Failed to read DnsConfig.
[0313/185421:WARNING:dns_config_service_win.cc(661)] Failed to read DnsConfig.
[0313/185421:WARNING:dns_config_service_win.cc(661)] Failed to read DnsConfig.
[0313/185423:WARNING:dns_config_service_win.cc(661)] Failed to read DnsConfig.
[0313/185427:WARNING:dns_config_service_win.cc(661)] Failed to read DnsConfig.
[0313/185432:WARNING:dns_config_service_win.cc(661)] Failed to read DnsConfig.
[0313/185432:WARNING:dns_config_service_win.cc(661)] Failed to read DnsConfig.
[0313/185434:WARNING:dns_config_service_win.cc(661)] Failed to read DnsConfig.
[0313/185439:WARNING:dns_config_service_win.cc(661)] Failed to read DnsConfig.
[0313/185443:WARNING:dns_config_service_win.cc(661)] Failed to read DnsConfig.
[0313/185443:WARNING:dns_config_service_win.cc(661)] Failed to read DnsConfig.
[0313/185445:WARNING:dns_config_service_win.cc(661)] Failed to read DnsConfig.
[0313/185450:WARNING:dns_config_service_win.cc(661)] Failed to read DnsConfig.
[0313/185454:WARNING:dns_config_service_win.cc(661)] Failed to read DnsConfig.
[0313/185454:WARNING:dns_config_service_win.cc(661)] Failed to read DnsConfig.
[0313/185457:WARNING:dns_config_service_win.cc(661)] Failed to read DnsConfig.
[0313/185501:WARNING:dns_config_service_win.cc(661)] Failed to read DnsConfig.
[0313/185505:WARNING:dns_config_service_win.cc(661)] Failed to read DnsConfig.
[0313/185506:WARNING:dns_config_service_win.cc(661)] Failed to read DnsConfig.
[0313/185508:WARNING:dns_config_service_win.cc(661)] Failed to read DnsConfig.
[0313/185512:WARNING:dns_config_service_win.cc(661)] Failed to read DnsConfig.
[0313/185517:WARNING:dns_config_service_win.cc(661)] Failed to read DnsConfig.
[0313/185517:WARNING:dns_config_service_win.cc(661)] Failed to read DnsConfig.
[0313/185519:WARNING:dns_config_service_win.cc(661)] Failed to read DnsConfig.
[0313/185523:WARNING:dns_config_service_win.cc(661)] Failed to read DnsConfig.
[0313/185528:WARNING:dns_config_service_win.cc(661)] Failed to read DnsConfig.
[0313/185528:WARNING:dns_config_service_win.cc(661)] Failed to read DnsConfig.
[0313/185530:WARNING:dns_config_service_win.cc(661)] Failed to read DnsConfig.
[0313/185534:WARNING:dns_config_service_win.cc(661)] Failed to read DnsConfig.
[0313/185539:WARNING:dns_config_service_win.cc(661)] Failed to read DnsConfig.
[0313/185539:WARNING:dns_config_service_win.cc(661)] Failed to read DnsConfig.
[0313/185541:WARNING:dns_config_service_win.cc(661)] Failed to read DnsConfig.
[0313/185545:WARNING:dns_config_service_win.cc(661)] Failed to read DnsConfig.
[0313/185550:WARNING:dns_config_service_win.cc(661)] Failed to read DnsConfig.
[0313/185550:WARNING:dns_config_service_win.cc(661)] Failed to read DnsConfig.
[0313/185552:WARNING:dns_config_service_win.cc(661)] Failed to read DnsConfig.
[0313/185557:WARNING:dns_config_service_win.cc(661)] Failed to read DnsConfig.
[0313/185601:WARNING:dns_config_service_win.cc(661)] Failed to read DnsConfig.
[0313/185601:WARNING:dns_config_service_win.cc(661)] Failed to read DnsConfig.
[0313/185603:WARNING:dns_config_service_win.cc(661)] Failed to read DnsConfig.
[0313/185608:WARNING:dns_config_service_win.cc(661)] Failed to read DnsConfig.
[0313/185612:WARNING:dns_config_service_win.cc(661)] Failed to read DnsConfig.
[0313/185612:WARNING:dns_config_service_win.cc(661)] Failed to read DnsConfig.
[0313/185615:WARNING:dns_config_service_win.cc(661)] Failed to read DnsConfig.
[0313/185619:WARNING:dns_config_service_win.cc(661)] Failed to read DnsConfig.
[0313/185623:WARNING:dns_config_service_win.cc(661)] Failed to read DnsConfig.
[0313/185623:WARNING:dns_config_service_win.cc(661)] Failed to read DnsConfig.
[0313/185626:WARNING:dns_config_service_win.cc(661)] Failed to read DnsConfig.
[0313/185630:WARNING:dns_config_service_win.cc(661)] Failed to read DnsConfig.
[0313/185635:WARNING:dns_config_service_win.cc(661)] Failed to read DnsConfig.
[0313/185635:WARNING:dns_config_service_win.cc(661)] Failed to read DnsConfig.
[0313/185637:WARNING:dns_config_service_win.cc(661)] Failed to read DnsConfig.
[0313/185641:WARNING:dns_config_service_win.cc(661)] Failed to read DnsConfig.
[0313/185646:WARNING:dns_config_service_win.cc(661)] Failed to read DnsConfig.
[0313/185646:WARNING:dns_config_service_win.cc(661)] Failed to read DnsConfig.
[0313/185648:WARNING:dns_config_service_win.cc(661)] Failed to read DnsConfig.
[0313/185652:WARNING:dns_config_service_win.cc(661)] Failed to read DnsConfig.
[0313/185657:WARNING:dns_config_service_win.cc(661)] Failed to read DnsConfig.
[0313/185657:WARNING:dns_config_service_win.cc(661)] Failed to read DnsConfig.
[0313/185659:WARNING:dns_config_service_win.cc(661)] Failed to read DnsConfig.
[0313/185703:WARNING:dns_config_service_win.cc(661)] Failed to read DnsConfig.
[0313/185708:WARNING:dns_config_service_win.cc(661)] Failed to read DnsConfig.
[0313/185708:WARNING:dns_config_service_win.cc(661)] Failed to read DnsConfig.
[0313/185710:WARNING:dns_config_service_win.cc(661)] Failed to read DnsConfig.
[0313/185715:WARNING:dns_config_service_win.cc(661)] Failed to read DnsConfig.
[0313/194737:INFO:CONSOLE(8623)] "Mixed Content: The page at 'https://wallet3.burstnation.com:8125/index.html' was loaded over HTTPS, but requested an insecure XMLHttpRequest endpoint 'http://wallet3.burstnation.com:8125/burst'. This request has been blocked; the content must be served over HTTPS.", source: https://wallet3.burstnation.com:8125/js/3rdparty/jquery.js (8623)
[0313/194737:INFO:CONSOLE(8623)] "XMLHttpRequest cannot load http://wallet3.burstnation.com:8125/burst. Failed to start loading.", source: https://wallet3.burstnation.com:8125/js/3rdparty/jquery.js (8623)
[0313/215759:INFO:CONSOLE(8623)] "Mixed Content: The page at 'https://wallet3.burstnation.com:8125/index.html' was loaded over HTTPS, but requested an insecure XMLHttpRequest endpoint 'http://wallet3.burstnation.com:8125/burst'. This request has been blocked; the content must be served over HTTPS.", source: https://wallet3.burstnation.com:8125/js/3rdparty/jquery.js (8623)
[0313/215759:INFO:CONSOLE(8623)] "XMLHttpRequest cannot load http://wallet3.burstnation.com:8125/burst. Failed to start loading.", source: https://wallet3.burstnation.com:8125/js/3rdparty/jquery.js (8623)
[0313/224418:INFO:CONSOLE(8623)] "Mixed Content: The page at 'https://wallet3.burstnation.com:8125/index.html' was loaded over HTTPS, but requested an insecure XMLHttpRequest endpoint 'http://wallet3.burstnation.com:8125/burst'. This request has been blocked; the content must be served over HTTPS.", source: https://wallet3.burstnation.com:8125/js/3rdparty/jquery.js (8623)
[0313/224418:INFO:CONSOLE(8623)] "XMLHttpRequest cannot load http://wallet3.burstnation.com:8125/burst. Failed to start loading.", source: https://wallet3.burstnation.com:8125/js/3rdparty/jquery.js (8623)
[0313/225917:INFO:CONSOLE(8623)] "Mixed Content: The page at 'https://wallet3.burstnation.com:8125/index.html' was loaded over HTTPS, but requested an insecure XMLHttpRequest endpoint 'http://wallet3.burstnation.com:8125/burst'. This request has been blocked; the content must be served over HTTPS.", source: https://wallet3.burstnation.com:8125/js/3rdparty/jquery.js (8623)
[0313/225917:INFO:CONSOLE(8623)] "XMLHttpRequest cannot load http://wallet3.burstnation.com:8125/burst. Failed to start loading.", source: https://wallet3.burstnation.com:8125/js/3rdparty/jquery.js (8623)
[0313/231250:INFO:CONSOLE(8623)] "Mixed Content: The page at 'https://wallet3.burstnation.com:8125/index.html' was loaded over HTTPS, but requested an insecure XMLHttpRequest endpoint 'http://wallet3.burstnation.com:8125/burst'. This request has been blocked; the content must be served over HTTPS.", source: https://wallet3.burstnation.com:8125/js/3rdparty/jquery.js (8623)
[0313/231250:INFO:CONSOLE(8623)] "XMLHttpRequest cannot load http://wallet3.burstnation.com:8125/burst. Failed to start loading.", source: https://wallet3.burstnation.com:8125/js/3rdparty/jquery.js (8623)
[0313/233311:INFO:CONSOLE(8623)] "Mixed Content: The page at 'https://wallet3.burstnation.com:8125/index.html' was loaded over HTTPS, but requested an insecure XMLHttpRequest endpoint 'http://wallet3.burstnation.com:8125/burst'. This request has been blocked; the content must be served over HTTPS.", source: https://wallet3.burstnation.com:8125/js/3rdparty/jquery.js (8623)
[0313/233311:INFO:CONSOLE(8623)] "XMLHttpRequest cannot load http://wallet3.burstnation.com:8125/burst. Failed to start loading.", source: https://wallet3.burstnation.com:8125/js/3rdparty/jquery.js (8623)
[0319/190924:WARNING:backend_impl.cc(1802)] Destroying invalid entry.
[0319/190924:WARNING:backend_impl.cc(1802)] Destroying invalid entry.
[0319/190924:WARNING:backend_impl.cc(1802)] Destroying invalid entry.
[0319/190924:WARNING:backend_impl.cc(1802)] Destroying invalid entry.
[0319/190924:WARNING:backend_impl.cc(1802)] Destroying invalid entry.
[0319/190924:WARNING:backend_impl.cc(1802)] Destroying invalid entry.
[0319/190925:INFO:CONSOLE(8623)] "Mixed Content: The page at 'https://wallet3.burstnation.com:8125/index.html' was loaded over HTTPS, but requested an insecure XMLHttpRequest endpoint 'http://wallet3.burstnation.com:8125/burst'. This request has been blocked; the content must be served over HTTPS.", source: https://wallet3.burstnation.com:8125/js/3rdparty/jquery.js (8623)
[0319/190925:INFO:CONSOLE(8623)] "XMLHttpRequest cannot load http://wallet3.burstnation.com:8125/burst. Failed to start loading.", source: https://wallet3.burstnation.com:8125/js/3rdparty/jquery.js (8623)
[0319/191642:INFO:CONSOLE(8623)] "Mixed Content: The page at 'https://wallet3.burstnation.com:8125/index.html' was loaded over HTTPS, but requested an insecure XMLHttpRequest endpoint 'http://wallet3.burstnation.com:8125/burst'. This request has been blocked; the content must be served over HTTPS.", source: https://wallet3.burstnation.com:8125/js/3rdparty/jquery.js (8623)
[0319/191642:INFO:CONSOLE(8623)] "XMLHttpRequest cannot load http://wallet3.burstnation.com:8125/burst. Failed to start loading.", source: https://wallet3.burstnation.com:8125/js/3rdparty/jquery.js (8623)
